========================================================================
Phase D: full grid search + SR_N curve (LME_OP_Investment)
========================================================================
λ₀ grid: 19 values in [0.00, 0.90]
λ₂ grid: 13 values in [1.00e-08, 1.00e-05]
folds:   cv_1, cv_2, cv_3, full  → 988 CSVs total
n_workers: 8  skip_grid: True
Skipping grid search (--skip-grid); reusing existing CSVs in out_dir.
pick_best_lambda K=10 (full_cv=False): 24.68s
  Training SR: 0.609736    Validation SR: 0.829935    Testing SR: 0.599823
pick_sr_n over K∈[5,50]: 10.92s
sdf_regression: 0.01s
  Full-grid alpha preserved to /home/jl6134/workspace/FIN580FinalProject/output/replication_results/phase_d/TimeSeriesAlpha_full_grid.csv

========================================================================
Cross-validation vs R ground truth
========================================================================
Grid diff summary (max over all 988 files):
{
  "train_SR_max_abs_diff": {
    "max": 0.1801905200313894,
    "mean": 0.0009355304077460092,
    "p99": 0.003736106770699722,
    "p50": 7.694372916589032e-12
  },
  "valid_SR_max_abs_diff": {
    "max": 0.2904846922495396,
    "mean": 0.0006819607292317404,
    "p99": 0.0006035444160472639,
    "p50": 2.940120369387955e-12
  },
  "test_SR_max_abs_diff": {
    "max": 0.1680607769464056,
    "mean": 0.0007946820533981453,
    "p99": 0.0012918938651782308,
    "p50": 3.5102476481085887e-12
  },
  "beta_max_abs_diff": {
    "max": 1.0599692989821,
    "mean": 0.0043467154092171395,
    "p99": 0.03835082416594033,
    "p50": 7.23385795708964e-11
  },
  "portsN_match_%": {
    "min": 10.0,
    "mean": 98.41373639404377
  },
  "n_files_compared": 988
}

NOTE: median (p50) diff across all meta columns is at machine precision (~1e-11).
A handful of outlier cells (λ₀ ∈ {0, ≥0.75}) drive the tail of beta/SR diffs.
Root cause: sklearn `lars_path` vs R `lars` package differ in how they log
intra-step drops (coefficient crossing zero without changing support size).
The argmax-on-valid cell (i*, j*) is identical between Python and R regardless.

SR_N max |Δ|: 3.826e-03
SR_N mean |Δ|: 4.374e-05
  (Small residual comes from the same LARS-path divergence in outlier cells;
   the SR curves are visually identical to R's across K ∈ [5, 50].)

Best (λ₀, λ₂) under full grid (cv_3 valid-SR argmax at K=10):
  Python pick: (i=16, j=13) → λ₀=0.75, λ₂=1e-8    valid_SR=0.829935
  Verified: R's full-grid argmax lands on the same cell (matches to 7e-13).

IMPORTANT CAVEAT on R's 'ground-truth' non-grid files
------------------------------------------------------------------------
R's Selected_Ports_10.csv, Selected_Ports_Weights_10.csv, train/valid/test_SR_10.csv
and SDFTests/.../TimeSeriesAlpha.csv in the shared data dir were generated by
main_simplified.R at the single cell (λ₀=0.15, λ₂=1e-8) and were NOT regenerated
after main.R's full-grid run. We confirmed this by matching R's weight vector
byte-for-byte to grid cell (i=4, j=13) = (λ₀=0.15, λ₂=1e-8).

→ Comparing our *full-grid* Selected_Ports_10 against those files is apples-to-
  oranges; the cell chosen under the full grid is (0.75, 1e-8), not (0.15, 1e-8).
→ The 988 grid CSVs and SR_N.csv ARE from R's full-grid run and ARE comparable.
→ Sanity-check block below reruns pick_best_lambda at the single cell (0.15, 1e-8)
  and diffs against R's ground truth — expected to be machine precision.

========================================================================
Sanity check: single-cell (0.15, 1e-8) Selected_Ports/alphas vs R
========================================================================
  single-cell SR: train=0.590972 valid=0.714913 test=0.588992

Sanity Selected_Ports / Weights (K=10) vs R stale ground truth:
                         file py_shape r_shape  cols_match  max_abs_diff
        Selected_Ports_10.csv   636x10  636x10        True  0.000000e+00
Selected_Ports_Weights_10.csv       10      10        True  2.276512e-11

Sanity TimeSeriesAlpha (side-by-side):
  statistic       python            r     abs_diff
  FF3 Alpha 1.022740e+00 1.022740e+00 4.938272e-13
  FF5 Alpha 1.030433e+00 1.030433e+00 5.078160e-13
  XSF Alpha 1.030792e+00 1.030792e+00 4.800604e-13
 FF11 Alpha 1.047449e+00 1.047449e+00 7.542855e-13
     FF3 SE 1.032792e-01 1.032792e-01 6.084022e-13
     FF5 SE 1.069019e-01 1.069019e-01 6.446926e-13
     XSF SE 1.062843e-01 1.062843e-01 6.405015e-13
    FF11 SE 1.137132e-01 1.137132e-01 6.887962e-13
 FF3 T-Stat 9.902669e+00 9.902669e+00 5.350209e-11
 FF5 T-Stat 9.639048e+00 9.639048e+00 5.332446e-11
 XSF T-Stat 9.698435e+00 9.698435e+00 5.390000e-11
FF11 T-Stat 9.211324e+00 9.211324e+00 4.919798e-11
  FF3 P-val 6.084931e-20 6.084931e-20 2.393239e-29
  FF5 P-val 4.347589e-19 4.347589e-19 1.679879e-28
  XSF P-val 2.767613e-19 2.767613e-19 1.085106e-28
 FF11 P-val 1.038576e-17 1.038576e-17 3.602871e-27

Manifest written to /home/jl6134/workspace/FIN580FinalProject/output/replication_results/phase_d/run_manifest.json