=== Job 3117843 started: Sun Apr 19 11:21:58 PM EDT 2026 on adroit-h11n6 ===
CPUs: 1   Mem/cpu: 4096M
=== pickSRN on tree (K=5..50) ===
4
5
6
4
5
7
4
5
8
4
5
9
4
5
10
4
5
11
4
5
12
4
5
13
4
5
14
4
5
15
4
5
16
4
5
17
4
5
18
4
5
19
4
5
20
4
5
21
4
5
22
4
5
23
4
5
24
4
5
25
4
5
26
4
5
27
4
5
28
4
5
29
4
5
30
4
5
31
4
5
32
4
5
33
4
5
34
4
5
35
4
5
36
4
5
37
4
5
38
4
5
39
4
5
40
4
5
41
4
5
42
4
5
43
4
5
44
4
5
45
4
5
46
4
5
47
4
5
48
4
5
49
4
5
50
4
5
=== 2-char tree: create + combine (feats=LME, OP) ===
4
5
1
1965
1970
1975
1980
1985
1990
1995
2000
2005
2010
2015
2
1965
1970
1975
1980
1985
1990
1995
2000
2005
2010
2015
3
1965
1970
1975
1980
1985
1990
1995
2000
2005
2010
2015
4
1965
1970
1975
1980
1985
1990
1995
2000
2005
2010
2015
5
1965
1970
1975
1980
1985
1990
1995
2000
2005
2010
2015
6
1965
1970
1975
1980
1985
1990
1995
2000
2005
2010
2015
7
1965
1970
1975
1980
1985
1990
1995
2000
2005
2010
2015
8
1965
1970
1975
1980
1985
1990
1995
2000
2005
2010
2015
9
1965
1970
1975
1980
1985
1990
1995
2000
2005
2010
2015
10
1965
1970
1975
1980
1985
1990
1995
2000
2005
2010
2015
11
1965
1970
1975
1980
1985
1990
1995
2000
2005
2010
2015
12
1965
1970
1975
1980
1985
1990
1995
2000
2005
2010
2015
13
1965
1970
1975
1980
1985
1990
1995
2000
2005
2010
2015
14
1965
1970
1975
1980
1985
1990
1995
2000
2005
2010
2015
15
1965
1970
1975
1980
1985
1990
1995
2000
2005
2010
2015
16
1965
1970
1975
1980
1985
1990
1995
2000
2005
2010
2015
4
256
256
256
256
=== run_main_tail complete ===
=== Job 3117843 finished: Sun Apr 19 11:39:59 PM EDT 2026 ===
