=== Job 3116786 started: Sun Apr 19 07:00:07 PM EDT 2026 on adroit-h11n4 ===
CPUs: 8   Mem/cpu: 4096M
Working dir: /scratch/network/jl6134/COLLAB/FIN580/FIN580FinalProject
4
5
1
1965
1970
1975
1980
1985
1990
1995
2000
2005
2010
2015
2
1965
1970
1975
1980
1985
1990
1995
2000
2005
2010
2015
3
1965
1970
1975
1980
1985
1990
1995
2000
2005
2010
2015
4
1965
1970
1975
1980
1985
1990
1995
2000
2005
2010
2015
5
1965
1970
1975
1980
1985
1990
1995
2000
2005
2010
2015
6
1965
1970
1975
1980
1985
1990
1995
2000
2005
2010
2015
7
1965
1970
1975
1980
1985
1990
1995
2000
2005
2010
2015
8
1965
1970
1975
1980
1985
1990
1995
2000
2005
2010
2015
9
1965
1970
1975
1980
1985
1990
1995
2000
2005
2010
2015
10
1965
1970
1975
1980
1985
1990
1995
2000
2005
2010
2015
11
1965
1970
1975
1980
1985
1990
1995
2000
2005
2010
2015
12
1965
1970
1975
1980
1985
1990
1995
2000
2005
2010
2015
13
1965
1970
1975
1980
1985
1990
1995
2000
2005
2010
2015
14
1965
1970
1975
1980
1985
1990
1995
2000
2005
2010
2015
15
1965
1970
1975
1980
1985
1990
1995
2000
2005
2010
2015
16
1965
1970
1975
1980
1985
1990
1995
2000
2005
2010
2015
17
1965
1970
1975
1980
1985
1990
1995
2000
2005
2010
2015
18
1965
1970
1975
1980
1985
1990
1995
2000
2005
2010
2015
19
1965
1970
1975
1980
1985
1990
1995
2000
2005
2010
2015
20
1965
1970
1975
1980
1985
1990
1995
2000
2005
2010
2015
21
1965
1970
1975
1980
1985
1990
1995
2000
2005
2010
2015
22
1965
1970
1975
1980
1985
1990
1995
2000
2005
2010
2015
23
1965
1970
1975
1980
1985
1990
1995
2000
2005
2010
2015
24
1965
1970
1975
1980
1985
1990
1995
2000
2005
2010
2015
25
1965
1970
1975
1980
1985
1990
1995
2000
2005
2010
2015
26
1965
1970
1975
1980
1985
1990
1995
2000
2005
2010
2015
27
1965
1970
1975
1980
1985
1990
1995
2000
2005
2010
2015
28
1965
1970
1975
1980
1985
1990
1995
2000
2005
2010
2015
29
1965
1970
1975
1980
1985
1990
1995
2000
2005
2010
2015
30
1965
1970
1975
1980
1985
1990
1995
2000
2005
2010
2015
31
1965
1970
1975
1980
1985
1990
1995
2000
2005
2010
2015
32
1965
1970
1975
1980
1985
1990
1995
2000
2005
2010
2015
33
1965
1970
1975
1980
1985
1990
1995
2000
2005
2010
2015
34
1965
1970
1975
1980
1985
1990
1995
2000
2005
2010
2015
35
1965
1970
1975
1980
1985
1990
1995
2000
2005
2010
2015
36
1965
1970
1975
1980
1985
1990
1995
2000
2005
2010
2015
37
1965
1970
1975
1980
1985
1990
1995
2000
2005
2010
2015
38
1965
1970
1975
1980
1985
1990
1995
2000
2005
2010
2015
39
1965
1970
1975
1980
1985
1990
1995
2000
2005
2010
2015
40
1965
1970
1975
1980
1985
1990
1995
2000
2005
2010
2015
41
1965
1970
1975
1980
1985
1990
1995
2000
2005
2010
2015
42
1965
1970
1975
1980
1985
1990
1995
2000
2005
2010
2015
43
1965
1970
1975
1980
1985
1990
1995
2000
2005
2010
2015
44
1965
1970
1975
1980
1985
1990
1995
2000
2005
2010
2015
45
1965
1970
1975
1980
1985
1990
1995
2000
2005
2010
2015
46
1965
1970
1975
1980
1985
1990
1995
2000
2005
2010
2015
47
1965
1970
1975
1980
1985
1990
1995
2000
2005
2010
2015
48
1965
1970
1975
1980
1985
1990
1995
2000
2005
2010
2015
49
1965
1970
1975
1980
1985
1990
1995
2000
2005
2010
2015
50
1965
1970
1975
1980
1985
1990
1995
2000
2005
2010
2015
51
1965
1970
1975
1980
1985
1990
1995
2000
2005
2010
2015
52
1965
1970
1975
1980
1985
1990
1995
2000
2005
2010
2015
53
1965
1970
1975
1980
1985
1990
1995
2000
2005
2010
2015
54
1965
1970
1975
1980
1985
1990
1995
2000
2005
2010
2015
55
1965
1970
1975
1980
1985
1990
1995
2000
2005
2010
2015
56
1965
1970
1975
1980
1985
1990
1995
2000
2005
2010
2015
57
1965
1970
1975
1980
1985
1990
1995
2000
2005
2010
2015
58
1965
1970
1975
1980
1985
1990
1995
2000
2005
2010
2015
59
1965
1970
1975
1980
1985
1990
1995
2000
2005
2010
2015
60
1965
1970
1975
1980
1985
1990
1995
2000
2005
2010
2015
61
1965
1970
1975
1980
1985
1990
1995
2000
2005
2010
2015
62
1965
1970
1975
1980
1985
1990
1995
2000
2005
2010
2015
63
1965
1970
1975
1980
1985
1990
1995
2000
2005
2010
2015
64
1965
1970
1975
1980
1985
1990
1995
2000
2005
2010
2015
65
1965
1970
1975
1980
1985
1990
1995
2000
2005
2010
2015
66
1965
1970
1975
1980
1985
1990
1995
2000
2005
2010
2015
67
1965
1970
1975
1980
1985
1990
1995
2000
2005
2010
2015
68
1965
1970
1975
1980
1985
1990
1995
2000
2005
2010
2015
69
1965
1970
1975
1980
1985
1990
1995
2000
2005
2010
2015
70
1965
1970
1975
1980
1985
1990
1995
2000
2005
2010
2015
71
1965
1970
1975
1980
1985
1990
1995
2000
2005
2010
2015
72
1965
1970
1975
1980
1985
1990
1995
2000
2005
2010
2015
73
1965
1970
1975
1980
1985
1990
1995
2000
2005
2010
2015
74
1965
1970
1975
1980
1985
1990
1995
2000
2005
2010
2015
75
1965
1970
1975
1980
1985
1990
1995
2000
2005
2010
2015
76
1965
1970
1975
1980
1985
1990
1995
2000
2005
2010
2015
77
1965
1970
1975
1980
1985
1990
1995
2000
2005
2010
2015
78
1965
1970
1975
1980
1985
1990
1995
2000
2005
2010
2015
79
1965
1970
1975
1980
1985
1990
1995
2000
2005
2010
2015
80
1965
1970
1975
1980
1985
1990
1995
2000
2005
2010
2015
81
1965
1970
1975
1980
1985
1990
1995
2000
2005
2010
2015
4
5
1555
1555
1555
1555
1555
1555
1555
LME_OP_Investment
4
5
['LME', 'OP', 'Investment']
Training SR:0.591    Validation SR:0.7149    Testing SR:0.589
SDF Regression results:
   FF3 Alpha  FF5 Alpha  XSF Alpha  ...     FF5 P-val     XSF P-val    FF11 P-val
0    1.02274   1.030433   1.030792  ...  4.347589e-19  2.767613e-19  1.038576e-17

[1 rows x 16 columns]
=== Job 3116786 finished: Sun Apr 19 08:31:41 PM EDT 2026 ===
