=== Job 3117381 started: Sun Apr 19 09:41:45 PM EDT 2026 on adroit-h11n6 ===
CPUs: 1   Mem/cpu: 4096M
Working dir: /scratch/network/jl6134/COLLAB/FIN580/FIN580FinalProject
4
5
Quantile-normalizing 3 panels of 648 months each...
  feat 1/3 (LME) normalized
  feat 2/3 (OP) normalized
  feat 3/3 (Investment) normalized
4
5
1
1965
1970
1975
1980
1985
1990
1995
2000
2005
2010
2015
2
1965
1970
1975
1980
1985
1990
1995
2000
2005
2010
2015
3
1965
1970
1975
1980
1985
1990
1995
2000
2005
2010
2015
4
1965
1970
1975
1980
1985
1990
1995
2000
2005
2010
2015
5
1965
1970
1975
1980
1985
1990
1995
2000
2005
2010
2015
6
1965
1970
1975
1980
1985
1990
1995
2000
2005
2010
2015
7
1965
1970
1975
1980
1985
1990
1995
2000
2005
2010
2015
8
1965
1970
1975
1980
1985
1990
1995
2000
2005
2010
2015
9
1965
1970
1975
1980
1985
1990
1995
2000
2005
2010
2015
10
1965
1970
1975
1980
1985
1990
1995
2000
2005
2010
2015
11
1965
1970
1975
1980
1985
1990
1995
2000
2005
2010
2015
12
1965
1970
1975
1980
1985
1990
1995
2000
2005
2010
2015
13
1965
1970
1975
1980
1985
1990
1995
2000
2005
2010
2015
14
1965
1970
1975
1980
1985
1990
1995
2000
2005
2010
2015
15
1965
1970
1975
1980
1985
1990
1995
2000
2005
2010
2015
16
1965
1970
1975
1980
1985
1990
1995
2000
2005
2010
2015
17
1965
1970
1975
1980
1985
1990
1995
2000
2005
2010
2015
18
1965
1970
1975
1980
1985
1990
1995
2000
2005
2010
2015
19
1965
1970
1975
1980
1985
1990
1995
2000
2005
2010
2015
20
1965
1970
1975
1980
1985
1990
1995
2000
2005
2010
2015
21
1965
1970
1975
1980
1985
1990
1995
2000
2005
2010
2015
22
1965
1970
1975
1980
1985
1990
1995
2000
2005
2010
2015
23
1965
1970
1975
1980
1985
1990
1995
2000
2005
2010
2015
24
1965
1970
1975
1980
1985
1990
1995
2000
2005
2010
2015
25
1965
1970
1975
1980
1985
1990
1995
2000
2005
2010
2015
26
1965
1970
1975
1980
1985
1990
1995
2000
2005
2010
2015
27
1965
1970
1975
1980
1985
1990
1995
2000
2005
2010
2015
28
1965
1970
1975
1980
1985
1990
1995
2000
2005
2010
2015
29
1965
1970
1975
1980
1985
1990
1995
2000
2005
2010
2015
30
1965
1970
1975
1980
1985
1990
1995
2000
2005
2010
2015
31
1965
1970
1975
1980
1985
1990
1995
2000
2005
2010
2015
32
1965
1970
1975
1980
1985
1990
1995
2000
2005
2010
2015
33
1965
1970
1975
1980
1985
1990
1995
2000
2005
2010
2015
34
1965
1970
1975
1980
1985
1990
1995
2000
2005
2010
2015
35
1965
1970
1975
1980
1985
1990
1995
2000
2005
2010
2015
36
1965
1970
1975
1980
1985
1990
1995
2000
2005
2010
2015
37
1965
1970
1975
1980
1985
1990
1995
2000
2005
2010
2015
38
1965
1970
1975
1980
1985
1990
1995
2000
2005
2010
2015
39
1965
1970
1975
1980
1985
1990
1995
2000
2005
2010
2015
40
1965
1970
1975
1980
1985
1990
1995
2000
2005
2010
2015
41
1965
1970
1975
1980
1985
1990
1995
2000
2005
2010
2015
42
1965
1970
1975
1980
1985
1990
1995
2000
2005
2010
2015
43
1965
1970
1975
1980
1985
1990
1995
2000
2005
2010
2015
44
1965
1970
1975
1980
1985
1990
1995
2000
2005
2010
2015
45
1965
1970
1975
1980
1985
1990
1995
2000
2005
2010
2015
46
1965
1970
1975
1980
1985
1990
1995
2000
2005
2010
2015
47
1965
1970
1975
1980
1985
1990
1995
2000
2005
2010
2015
48
1965
1970
1975
1980
1985
1990
1995
2000
2005
2010
2015
49
1965
1970
1975
1980
1985
1990
1995
2000
2005
2010
2015
50
1965
1970
1975
1980
1985
1990
1995
2000
2005
2010
2015
51
1965
1970
1975
1980
1985
1990
1995
2000
2005
2010
2015
52
1965
1970
1975
1980
1985
1990
1995
2000
2005
2010
2015
53
1965
1970
1975
1980
1985
1990
1995
2000
2005
2010
2015
54
1965
1970
1975
1980
1985
1990
1995
2000
2005
2010
2015
55
1965
1970
1975
1980
1985
1990
1995
2000
2005
2010
2015
56
1965
1970
1975
1980
1985
1990
1995
2000
2005
2010
2015
57
1965
1970
1975
1980
1985
1990
1995
2000
2005
2010
2015
58
1965
1970
1975
1980
1985
1990
1995
2000
2005
2010
2015
59
1965
1970
1975
1980
1985
1990
1995
2000
2005
2010
2015
60
1965
1970
1975
1980
1985
1990
1995
2000
2005
2010
2015
61
1965
1970
1975
1980
1985
1990
1995
2000
2005
2010
2015
62
1965
1970
1975
1980
1985
1990
1995
2000
2005
2010
2015
63
1965
1970
1975
1980
1985
1990
1995
2000
2005
2010
2015
64
1965
1970
1975
1980
1985
1990
1995
2000
2005
2010
2015
65
1965
1970
1975
1980
1985
1990
1995
2000
2005
2010
2015
66
1965
1970
1975
1980
1985
1990
1995
2000
2005
2010
2015
67
1965
1970
1975
1980
1985
1990
1995
2000
2005
2010
2015
68
1965
1970
1975
1980
1985
1990
1995
2000
2005
2010
2015
69
1965
1970
1975
1980
1985
1990
1995
2000
2005
2010
2015
70
1965
1970
1975
1980
1985
1990
1995
2000
2005
2010
2015
71
1965
1970
1975
1980
1985
1990
1995
2000
2005
2010
2015
72
1965
1970
1975
1980
1985
1990
1995
2000
2005
2010
2015
73
1965
1970
1975
1980
1985
1990
1995
2000
2005
2010
2015
74
1965
1970
1975
1980
1985
1990
1995
2000
2005
2010
2015
75
1965
1970
1975
1980
1985
1990
1995
2000
2005
2010
2015
76
1965
1970
1975
1980
1985
1990
1995
2000
2005
2010
2015
77
1965
1970
1975
1980
1985
1990
1995
2000
2005
2010
2015
78
1965
1970
1975
1980
1985
1990
1995
2000
2005
2010
2015
79
1965
1970
1975
1980
1985
1990
1995
2000
2005
2010
2015
80
1965
1970
1975
1980
1985
1990
1995
2000
2005
2010
2015
81
1965
1970
1975
1980
1985
1990
1995
2000
2005
2010
2015
4
5
1555
1555
1555
1555
1555
1555
1555
4
5
1964
1965
1966
1967
1968
1969
1970
1971
1972
1973
1974
1975
1976
1977
1978
1979
1980
1981
1982
1983
1984
1985
1986
1987
1988
1989
1990
1991
1992
1993
1994
1995
1996
1997
1998
1999
2000
2001
2002
2003
2004
2005
2006
2007
2008
2009
2010
2011
2012
2013
2014
2015
2016
0
4
5
1964
1965
1966
1967
1968
1969
1970
1971
1972
1973
1974
1975
1976
1977
1978
1979
1980
1981
1982
1983
1984
1985
1986
1987
1988
1989
1990
1991
1992
1993
1994
1995
1996
1997
1998
1999
2000
2001
2002
2003
2004
2005
2006
2007
2008
2009
2010
2011
2012
2013
2014
2015
2016
12
LME_OP_Investment
LME_OP_Investment
LME_OP_Investment
4
5
4
5
4
5
4
5
4
5
['LME', 'OP', 'Investment']
['LME', 'OP', 'Investment']
['LME', 'OP', 'Investment']
4
5
6
4
5
7
4
5
8
4
5
9
4
5
10
4
5
11
4
5
12
4
5
13
4
5
14
4
5
15
4
5
16
4
5
17
4
5
18
4
5
19
4
5
20
4
5
21
4
5
22
4
5
23
4
5
24
4
5
25
4
5
26
4
5
27
4
5
28
4
5
29
4
5
30
4
5
31
4
5
32
4
5
33
4
5
34
4
5
35
4
5
36
4
5
37
4
5
38
4
5
39
4
5
40
4
5
41
4
5
42
4
5
43
4
5
44
4
5
45
4
5
46
4
5
47
4
5
48
4
5
=== Job 3117381 finished: Sun Apr 19 11:16:30 PM EDT 2026 ===
