======================================================================
Phase B + C replication (config: λ₀=0.15, λ₂=1e-8, K=10, 3-char)
======================================================================
Loaded filtered tree portfolios: shape=(636, 1507)
Phase B (AP pruning): 2.3s
Phase C.1 (pick_best_lambda K=10): 0.36s
  Training SR: 0.590972    Validation SR: 0.714913    Testing SR: 0.588992
Phase C.2 (SDF regressions): 0.01s

======================================================================
Writing validation tables to output/replication_results/
======================================================================
  /home/jl6134/workspace/FIN580FinalProject/output/replication_results/tables/01_sharpe_ratios_vs_r.csv
       metric  python_our_port  r_reference  abs_diff
  Training SR         0.590972       0.5910  0.000028
Validation SR         0.714913       0.7149  0.000013
   Testing SR         0.588992       0.5890  0.000008

  /home/jl6134/workspace/FIN580FinalProject/output/replication_results/tables/02_grid_search_file_diffs.csv
                      file py_shape r_shape  rows_matched  train_SR_max_abs_diff  valid_SR_max_abs_diff  test_SR_max_abs_diff  portsN_match_%
results_cv_3_l0_1_l2_1.csv  61x1511 66x1511            61           5.664469e-12           3.077871e-12          2.026490e-12       98.360656
results_full_l0_1_l2_1.csv  90x1510 90x1510            90           8.738343e-12                    NaN          3.523404e-12       94.444444

  /home/jl6134/workspace/FIN580FinalProject/output/replication_results/tables/03_selected_ports_diffs.csv
                         file py_shape r_shape  column_names_match  max_abs_diff
        Selected_Ports_10.csv   636x10  636x10                True  0.000000e+00
Selected_Ports_Weights_10.csv       10      10                True  2.278622e-11
  /home/jl6134/workspace/FIN580FinalProject/output/replication_results/tables/04_selected_portfolio_weights.csv
 rank    python         r     abs_diff
    1  0.315242  0.315242 4.656220e-12
    2  2.034433  2.034433 5.745182e-12
    3  0.317759  0.317759 5.004830e-12
    4 -1.200688 -1.200688 2.278622e-11
    5 -0.021300 -0.021300 1.849790e-11
    6  0.384709  0.384709 6.723011e-12
    7 -0.133992 -0.133992 8.666790e-12
    8 -0.181851 -0.181851 8.570006e-12
    9 -0.140642 -0.140642 6.444290e-12
   10 -0.373670 -0.373670 7.276790e-12

  /home/jl6134/workspace/FIN580FinalProject/output/replication_results/tables/05_sdf_alphas_vs_r.csv
  statistic       python            r     abs_diff
  FF3 Alpha 1.022740e+00 1.022740e+00 4.944933e-13
  FF5 Alpha 1.030433e+00 1.030433e+00 5.082601e-13
  XSF Alpha 1.030792e+00 1.030792e+00 4.805045e-13
 FF11 Alpha 1.047449e+00 1.047449e+00 7.549517e-13
     FF3 SE 1.032792e-01 1.032792e-01 6.089018e-13
     FF5 SE 1.069019e-01 1.069019e-01 6.450951e-13
     XSF SE 1.062843e-01 1.062843e-01 6.409040e-13
    FF11 SE 1.137132e-01 1.137132e-01 6.891987e-13
 FF3 T-Stat 9.902669e+00 9.902669e+00 5.353762e-11
 FF5 T-Stat 9.639048e+00 9.639048e+00 5.335998e-11
 XSF T-Stat 9.698435e+00 9.698435e+00 5.393730e-11
FF11 T-Stat 9.211324e+00 9.211324e+00 4.923173e-11
  FF3 P-val 6.084931e-20 6.084931e-20 2.394796e-29
  FF5 P-val 4.347589e-19 4.347589e-19 1.681014e-28
  XSF P-val 2.767613e-19 2.767613e-19 1.085896e-28
 FF11 P-val 1.038576e-17 1.038576e-17 3.605359e-27
  /home/jl6134/workspace/FIN580FinalProject/output/replication_results/tables/06_paper_table1_LME_OP_Investment.csv
factor_set    alpha       se   t_stat      p_value
       FF3 1.022740 0.103279 9.902669 6.084931e-20
       FF5 1.030433 0.106902 9.639048 4.347589e-19
       XSF 1.030792 0.106284 9.698435 2.767613e-19
      FF11 1.047449 0.113713 9.211324 1.038576e-17

  /home/jl6134/workspace/FIN580FinalProject/output/replication_results/phase_b_c/run_manifest.json
{
  "phase": "B + C (single-config)",
  "config": {
    "lambda0": [
      0.15
    ],
    "lambda2": [
      1e-08
    ],
    "n_train_valid": 360,
    "cv_n": 3,
    "run_full_cv": false,
    "kmin": 5,
    "kmax": 50,
    "K_selected": 10,
    "characteristics": "LME_OP_Investment"
  },
  "timing_seconds": {
    "phase_b": 2.32,
    "phase_c_metrics": 0.36,
    "phase_c_regressions": 0.01
  },
  "sharpe_ratios": {
    "training": 0.590971561087536,
    "validation": 0.714913017606325,
    "testing": 0.5889916603122194
  },
  "validation_max_abs_diff": {
    "grid_search_SRs": 8.738343382219682e-12,
    "selected_ports": 2.2786217357406713e-11,
    "time_series_alpha": 5.3937299071549205e-11
  },
  "status": "PASS \u2014 Python matches R to machine precision"
}